<?xml version='1.0'?>
<ns2:test-suite xmlns:ns2='urn:model.allure.qatools.yandex.ru' start='1678487803059' stop='1678487804533'>
    <name>films @films:</name>
    <title>films @films:</title>
    <test-cases>
        <test-case start='1678487803060' status='failed' stop='1678487804528'>
            <name>verify films list information</name>
            <title>verify films list information</title>
            <labels>
                <label name='language' value='javascript'/>
                <label name='framework' value='codeceptjs'/>
                <label name='tag' value='@films'/>
            </labels>
            <parameters/>
            <steps>
                <step start='1678487803071' status='passed' stop='1678487804526'>
                    <name>I send get request "/films"</name>
                    <title>I send get request "/films"</title>
                    <attachments/>
                    <steps/>
                </step>
                <step start='1678487804527' status='failed' stop='1678487804528'>
                    <name>I see response code is 500</name>
                    <title>I see response code is 500</title>
                    <attachments/>
                    <steps/>
                </step>
            </steps>
            <attachments/>
            <failure>
                <message>Response code is not the same as expected: expected 200 to deeply equal 500</message>
                <stack-trace>AssertionError: Response code is not the same as expected: expected 200 to deeply equal 500
                    at JSONResponse.seeResponseCodeIs (C:\Users\digit\Downloads\automacao-codeceptjs-api\node_modules\codeceptjs\lib\helper\JSONResponse.js:111:37)
                    at Step.run (C:\Users\digit\Downloads\automacao-codeceptjs-api\node_modules\codeceptjs\lib\step.js:122:47)
                    at C:\Users\digit\Downloads\automacao-codeceptjs-api\node_modules\codeceptjs\lib\actor.js:135:23
                    at process.processTicksAndRejections (node:internal/process/task_queues:95:5)</stack-trace>
            </failure>
        </test-case>
    </test-cases>
</ns2:test-suite>